<?xml version="1.0" encoding="UTF-8"?>
<testsuite name="com.devmind.gradle.MyApplicationTest" tests="1" skipped="0" failures="0" errors="0" timestamp="2018-10-03T11:54:11" hostname="lag-Predator-G3-571" time="0.0">
  <properties/>
  <testcase name="shouldSayHello" classname="com.devmind.gradle.MyApplicationTest" time="0.0"/>
  <system-out><![CDATA[]]></system-out>
  <system-err><![CDATA[]]></system-err>
</testsuite>
